<?xml version="1.0" encoding="UTF-8"?>
<testsuite name="study.designpattern.CalculatorTest" tests="3" skipped="0" failures="0" errors="0" timestamp="2023-08-27T02:11:41" hostname="MB-youngchulshin.local" time="0.011">
  <properties/>
  <testcase name="10시부터 20시 이전에 들어오는 손님은 할인이 적용되지 않는다" classname="study.designpattern.CalculatorTest" time="0.007"/>
  <testcase name="10시 이전에 손님은 할인을 받는다" classname="study.designpattern.CalculatorTest" time="0.0"/>
  <testcase name="20시부터 들어오는 손님은 할인을 받는다" classname="study.designpattern.CalculatorTest" time="0.001"/>
  <system-out><![CDATA[]]></system-out>
  <system-err><![CDATA[]]></system-err>
</testsuite>
